<?xml version="1.0" encoding="UTF-8"?>
<!-- Generated by org.testng.reporters.JUnitXMLReporter -->
<testsuite ignored="0" hostname="QT-INHD-LT0694" failures="0" tests="3" name="Default test" time="0.077" errors="0" timestamp="2023-02-09T21:01:31 IST">
  <testcase classname="testOctober.test" name="test1_addition" time="0.009"/>
  <testcase classname="testOctober.test" name="test2_subtraction" time="0.001"/>
  <testcase classname="testOctober.test" name="test3_multiplication" time="0.001"/>
</testsuite> <!-- Default test -->
