<?xml version="1.0" encoding="UTF-8"?>
<testng-results ignored="0" total="3" passed="3" failed="0" skipped="0">
  <reporter-output>
  </reporter-output>
  <suite started-at="2023-02-09T21:01:31 IST" name="Default suite" finished-at="2023-02-09T21:01:31 IST" duration-ms="77">
    <groups>
    </groups>
    <test started-at="2023-02-09T21:01:31 IST" name="Default test" finished-at="2023-02-09T21:01:31 IST" duration-ms="77">
      <class name="testOctober.test">
        <test-method signature="test1_addition()[pri:0, instance:testOctober.test@2805d709]" started-at="2023-02-09T21:01:31 IST" name="test1_addition" finished-at="2023-02-09T21:01:31 IST" duration-ms="9" status="PASS">
          <reporter-output>
          </reporter-output>
        </test-method> <!-- test1_addition -->
        <test-method signature="test2_subtraction()[pri:0, instance:testOctober.test@2805d709]" started-at="2023-02-09T21:01:31 IST" name="test2_subtraction" finished-at="2023-02-09T21:01:31 IST" duration-ms="1" status="PASS">
          <reporter-output>
          </reporter-output>
        </test-method> <!-- test2_subtraction -->
        <test-method signature="test3_multiplication()[pri:0, instance:testOctober.test@2805d709]" started-at="2023-02-09T21:01:31 IST" name="test3_multiplication" finished-at="2023-02-09T21:01:31 IST" duration-ms="1" status="PASS">
          <reporter-output>
          </reporter-output>
        </test-method> <!-- test3_multiplication -->
      </class> <!-- testOctober.test -->
    </test> <!-- Default test -->
  </suite> <!-- Default suite -->
</testng-results>
